
xbdong@xbdong-opencl:~/Project/github/OpenCL/opencl_programming/No.8_1_OpenCLTimeCount_ubuntu$ strace ./OpenCLTimeCount 
execve("./OpenCLTimeCount", ["./OpenCLTimeCount"], [/* 71 vars */]) = 0
brk(NULL)                               = 0x2423000
access("/etc/ld.so.nohwcap", F_OK)      = -1 ENOENT (No such file or directory)
mmap(NULL, 8192, PROT_READ|PROT_WRITE, MAP_PRIVATE|MAP_ANONYMOUS, -1, 0) = 0x7f72c4ace000
access("/etc/ld.so.preload", R_OK)      = -1 ENOENT (No such file or directory)
open("/etc/ld.so.cache", O_RDONLY|O_CLOEXEC) = 3
fstat(3, {st_mode=S_IFREG|0644, st_size=111041, ...}) = 0
mmap(NULL, 111041, PROT_READ, MAP_PRIVATE, 3, 0) = 0x7f72c4ab2000
close(3)                                = 0
access("/etc/ld.so.nohwcap", F_OK)      = -1 ENOENT (No such file or directory)
open("/opt/amdgpu-pro/lib/x86_64-linux-gnu/libOpenCL.so.1", O_RDONLY|O_CLOEXEC) = 3
read(3, "\177ELF\2\1\1\0\0\0\0\0\0\0\0\0\3\0>\0\1\0\0\0\320%\0\0\0\0\0\0"..., 832) = 832
fstat(3, {st_mode=S_IFREG|0644, st_size=27336, ...}) = 0
mmap(NULL, 2122720, PROT_READ|PROT_EXEC, MAP_PRIVATE|MAP_DENYWRITE, 3, 0) = 0x7f72c46a4000
mprotect(0x7f72c46aa000, 2097152, PROT_NONE) = 0
mmap(0x7f72c48aa000, 4096, PROT_READ|PROT_WRITE, MAP_PRIVATE|MAP_FIXED|MAP_DENYWRITE, 3, 0x6000) = 0x7f72c48aa000
close(3)                                = 0
access("/etc/ld.so.nohwcap", F_OK)      = -1 ENOENT (No such file or directory)
open("/lib/x86_64-linux-gnu/libc.so.6", O_RDONLY|O_CLOEXEC) = 3
read(3, "\177ELF\2\1\1\3\0\0\0\0\0\0\0\0\3\0>\0\1\0\0\0P\t\2\0\0\0\0\0"..., 832) = 832
fstat(3, {st_mode=S_IFREG|0755, st_size=1864888, ...}) = 0
mmap(NULL, 3967392, PROT_READ|PROT_EXEC, MAP_PRIVATE|MAP_DENYWRITE, 3, 0) = 0x7f72c42db000
mprotect(0x7f72c449a000, 2097152, PROT_NONE) = 0
mmap(0x7f72c469a000, 24576, PROT_READ|PROT_WRITE, MAP_PRIVATE|MAP_FIXED|MAP_DENYWRITE, 3, 0x1bf000) = 0x7f72c469a000
mmap(0x7f72c46a0000, 14752, PROT_READ|PROT_WRITE, MAP_PRIVATE|MAP_FIXED|MAP_ANONYMOUS, -1, 0) = 0x7f72c46a0000
close(3)                                = 0
access("/etc/ld.so.nohwcap", F_OK)      = -1 ENOENT (No such file or directory)
open("/lib/x86_64-linux-gnu/librt.so.1", O_RDONLY|O_CLOEXEC) = 3
read(3, "\177ELF\2\1\1\0\0\0\0\0\0\0\0\0\3\0>\0\1\0\0\0\0!\0\0\0\0\0\0"..., 832) = 832
fstat(3, {st_mode=S_IFREG|0644, st_size=31712, ...}) = 0
mmap(NULL, 4096, PROT_READ|PROT_WRITE, MAP_PRIVATE|MAP_ANONYMOUS, -1, 0) = 0x7f72c4ab1000
mmap(NULL, 2128832, PROT_READ|PROT_EXEC, MAP_PRIVATE|MAP_DENYWRITE, 3, 0) = 0x7f72c40d3000
mprotect(0x7f72c40da000, 2093056, PROT_NONE) = 0
mmap(0x7f72c42d9000, 8192, PROT_READ|PROT_WRITE, MAP_PRIVATE|MAP_FIXED|MAP_DENYWRITE, 3, 0x6000) = 0x7f72c42d9000
close(3)                                = 0
access("/etc/ld.so.nohwcap", F_OK)      = -1 ENOENT (No such file or directory)
open("/lib/x86_64-linux-gnu/libm.so.6", O_RDONLY|O_CLOEXEC) = 3
read(3, "\177ELF\2\1\1\3\0\0\0\0\0\0\0\0\3\0>\0\1\0\0\0\0V\0\0\0\0\0\0"..., 832) = 832
fstat(3, {st_mode=S_IFREG|0644, st_size=1088952, ...}) = 0
mmap(NULL, 3178744, PROT_READ|PROT_EXEC, MAP_PRIVATE|MAP_DENYWRITE, 3, 0) = 0x7f72c3dca000
mprotect(0x7f72c3ed2000, 2093056, PROT_NONE) = 0
mmap(0x7f72c40d1000, 8192, PROT_READ|PROT_WRITE, MAP_PRIVATE|MAP_FIXED|MAP_DENYWRITE, 3, 0x107000) = 0x7f72c40d1000
close(3)                                = 0
access("/etc/ld.so.nohwcap", F_OK)      = -1 ENOENT (No such file or directory)
open("/lib/x86_64-linux-gnu/libdl.so.2", O_RDONLY|O_CLOEXEC) = 3
read(3, "\177ELF\2\1\1\0\0\0\0\0\0\0\0\0\3\0>\0\1\0\0\0\240\r\0\0\0\0\0\0"..., 832) = 832
fstat(3, {st_mode=S_IFREG|0644, st_size=14608, ...}) = 0
mmap(NULL, 2109680, PROT_READ|PROT_EXEC, MAP_PRIVATE|MAP_DENYWRITE, 3, 0) = 0x7f72c3bc6000
mprotect(0x7f72c3bc9000, 2093056, PROT_NONE) = 0
mmap(0x7f72c3dc8000, 8192, PROT_READ|PROT_WRITE, MAP_PRIVATE|MAP_FIXED|MAP_DENYWRITE, 3, 0x2000) = 0x7f72c3dc8000
close(3)                                = 0
access("/etc/ld.so.nohwcap", F_OK)      = -1 ENOENT (No such file or directory)
open("/lib/x86_64-linux-gnu/libpthread.so.0", O_RDONLY|O_CLOEXEC) = 3
read(3, "\177ELF\2\1\1\0\0\0\0\0\0\0\0\0\3\0>\0\1\0\0\0\260`\0\0\0\0\0\0"..., 832) = 832
fstat(3, {st_mode=S_IFREG|0755, st_size=138696, ...}) = 0
mmap(NULL, 4096, PROT_READ|PROT_WRITE, MAP_PRIVATE|MAP_ANONYMOUS, -1, 0) = 0x7f72c4ab0000
mmap(NULL, 2212904, PROT_READ|PROT_EXEC, MAP_PRIVATE|MAP_DENYWRITE, 3, 0) = 0x7f72c39a9000
mprotect(0x7f72c39c1000, 2093056, PROT_NONE) = 0
mmap(0x7f72c3bc0000, 8192, PROT_READ|PROT_WRITE, MAP_PRIVATE|MAP_FIXED|MAP_DENYWRITE, 3, 0x17000) = 0x7f72c3bc0000
mmap(0x7f72c3bc2000, 13352, PROT_READ|PROT_WRITE, MAP_PRIVATE|MAP_FIXED|MAP_ANONYMOUS, -1, 0) = 0x7f72c3bc2000
close(3)                                = 0
mmap(NULL, 4096, PROT_READ|PROT_WRITE, MAP_PRIVATE|MAP_ANONYMOUS, -1, 0) = 0x7f72c4aaf000
mmap(NULL, 4096, PROT_READ|PROT_WRITE, MAP_PRIVATE|MAP_ANONYMOUS, -1, 0) = 0x7f72c4aae000
mmap(NULL, 4096, PROT_READ|PROT_WRITE, MAP_PRIVATE|MAP_ANONYMOUS, -1, 0) = 0x7f72c4aad000
arch_prctl(ARCH_SET_FS, 0x7f72c4aae700) = 0
mprotect(0x7f72c469a000, 16384, PROT_READ) = 0
mprotect(0x7f72c3bc0000, 4096, PROT_READ) = 0
mprotect(0x7f72c3dc8000, 4096, PROT_READ) = 0
mprotect(0x7f72c40d1000, 4096, PROT_READ) = 0
mprotect(0x7f72c42d9000, 4096, PROT_READ) = 0
mprotect(0x602000, 4096, PROT_READ)     = 0
mprotect(0x7f72c4ad0000, 4096, PROT_READ) = 0
munmap(0x7f72c4ab2000, 111041)          = 0
set_tid_address(0x7f72c4aae9d0)         = 5387
set_robust_list(0x7f72c4aae9e0, 24)     = 0
rt_sigaction(SIGRTMIN, {0x7f72c39aeb50, [], SA_RESTORER|SA_SIGINFO, 0x7f72c39ba390}, NULL, 8) = 0
rt_sigaction(SIGRT_1, {0x7f72c39aebe0, [], SA_RESTORER|SA_RESTART|SA_SIGINFO, 0x7f72c39ba390}, NULL, 8) = 0
rt_sigprocmask(SIG_UNBLOCK, [RTMIN RT_1], NULL, 8) = 0
getrlimit(RLIMIT_STACK, {rlim_cur=8192*1024, rlim_max=RLIM64_INFINITY}) = 0
open("/etc/OpenCL/vendors/", O_RDONLY|O_NONBLOCK|O_DIRECTORY|O_CLOEXEC) = 3
fstat(3, {st_mode=S_IFDIR|0755, st_size=4096, ...}) = 0
brk(NULL)                               = 0x2423000
brk(0x244c000)                          = 0x244c000
getdents(3, /* 4 entries */, 32768)     = 112
open("/etc/OpenCL/vendors//amdocl32.icd", O_RDONLY) = 4
fstat(4, {st_mode=S_IFREG|0644, st_size=15, ...}) = 0
fstat(4, {st_mode=S_IFREG|0644, st_size=15, ...}) = 0
lseek(4, 0, SEEK_SET)                   = 0
read(4, "libamdocl32.so\n", 15)         = 15
lseek(4, 15, SEEK_SET)                  = 15
futex(0x7f72c3dc90a8, FUTEX_WAKE_PRIVATE, 2147483647) = 0
open("/etc/ld.so.cache", O_RDONLY|O_CLOEXEC) = 5
fstat(5, {st_mode=S_IFREG|0644, st_size=111041, ...}) = 0
mmap(NULL, 111041, PROT_READ, MAP_PRIVATE, 5, 0) = 0x7f72c4ab2000
close(5)                                = 0
access("/etc/ld.so.nohwcap", F_OK)      = -1 ENOENT (No such file or directory)
open("/lib/x86_64-linux-gnu/tls/x86_64/libamdocl32.so", O_RDONLY|O_CLOEXEC) = -1 ENOENT (No such file or directory)
stat("/lib/x86_64-linux-gnu/tls/x86_64", 0x7ffe27e01780) = -1 ENOENT (No such file or directory)
open("/lib/x86_64-linux-gnu/tls/libamdocl32.so", O_RDONLY|O_CLOEXEC) = -1 ENOENT (No such file or directory)
stat("/lib/x86_64-linux-gnu/tls", 0x7ffe27e01780) = -1 ENOENT (No such file or directory)
open("/lib/x86_64-linux-gnu/x86_64/libamdocl32.so", O_RDONLY|O_CLOEXEC) = -1 ENOENT (No such file or directory)
stat("/lib/x86_64-linux-gnu/x86_64", 0x7ffe27e01780) = -1 ENOENT (No such file or directory)
open("/lib/x86_64-linux-gnu/libamdocl32.so", O_RDONLY|O_CLOEXEC) = -1 ENOENT (No such file or directory)
stat("/lib/x86_64-linux-gnu", {st_mode=S_IFDIR|0755, st_size=16384, ...}) = 0
open("/usr/lib/x86_64-linux-gnu/tls/x86_64/libamdocl32.so", O_RDONLY|O_CLOEXEC) = -1 ENOENT (No such file or directory)
stat("/usr/lib/x86_64-linux-gnu/tls/x86_64", 0x7ffe27e01780) = -1 ENOENT (No such file or directory)
open("/usr/lib/x86_64-linux-gnu/tls/libamdocl32.so", O_RDONLY|O_CLOEXEC) = -1 ENOENT (No such file or directory)
stat("/usr/lib/x86_64-linux-gnu/tls", 0x7ffe27e01780) = -1 ENOENT (No such file or directory)
open("/usr/lib/x86_64-linux-gnu/x86_64/libamdocl32.so", O_RDONLY|O_CLOEXEC) = -1 ENOENT (No such file or directory)
stat("/usr/lib/x86_64-linux-gnu/x86_64", 0x7ffe27e01780) = -1 ENOENT (No such file or directory)
open("/usr/lib/x86_64-linux-gnu/libamdocl32.so", O_RDONLY|O_CLOEXEC) = -1 ENOENT (No such file or directory)
stat("/usr/lib/x86_64-linux-gnu", {st_mode=S_IFDIR|0755, st_size=81920, ...}) = 0
open("/lib/tls/x86_64/libamdocl32.so", O_RDONLY|O_CLOEXEC) = -1 ENOENT (No such file or directory)
stat("/lib/tls/x86_64", 0x7ffe27e01780) = -1 ENOENT (No such file or directory)
open("/lib/tls/libamdocl32.so", O_RDONLY|O_CLOEXEC) = -1 ENOENT (No such file or directory)
stat("/lib/tls", 0x7ffe27e01780)        = -1 ENOENT (No such file or directory)
open("/lib/x86_64/libamdocl32.so", O_RDONLY|O_CLOEXEC) = -1 ENOENT (No such file or directory)
stat("/lib/x86_64", 0x7ffe27e01780)     = -1 ENOENT (No such file or directory)
open("/lib/libamdocl32.so", O_RDONLY|O_CLOEXEC) = -1 ENOENT (No such file or directory)
stat("/lib", {st_mode=S_IFDIR|0755, st_size=4096, ...}) = 0
open("/usr/lib/tls/x86_64/libamdocl32.so", O_RDONLY|O_CLOEXEC) = -1 ENOENT (No such file or directory)
stat("/usr/lib/tls/x86_64", 0x7ffe27e01780) = -1 ENOENT (No such file or directory)
open("/usr/lib/tls/libamdocl32.so", O_RDONLY|O_CLOEXEC) = -1 ENOENT (No such file or directory)
stat("/usr/lib/tls", 0x7ffe27e01780)    = -1 ENOENT (No such file or directory)
open("/usr/lib/x86_64/libamdocl32.so", O_RDONLY|O_CLOEXEC) = -1 ENOENT (No such file or directory)
stat("/usr/lib/x86_64", 0x7ffe27e01780) = -1 ENOENT (No such file or directory)
open("/usr/lib/libamdocl32.so", O_RDONLY|O_CLOEXEC) = -1 ENOENT (No such file or directory)
stat("/usr/lib", {st_mode=S_IFDIR|0755, st_size=4096, ...}) = 0
munmap(0x7f72c4ab2000, 111041)          = 0
close(4)                                = 0
open("/etc/OpenCL/vendors//amdocl64.icd", O_RDONLY) = 4
fstat(4, {st_mode=S_IFREG|0666, st_size=15, ...}) = 0
fstat(4, {st_mode=S_IFREG|0666, st_size=15, ...}) = 0
lseek(4, 0, SEEK_SET)                   = 0
read(4, "libamdocl64.so\n", 15)         = 15
lseek(4, 15, SEEK_SET)                  = 15
open("/etc/ld.so.cache", O_RDONLY|O_CLOEXEC) = 5
fstat(5, {st_mode=S_IFREG|0644, st_size=111041, ...}) = 0
mmap(NULL, 111041, PROT_READ, MAP_PRIVATE, 5, 0) = 0x7f72c4ab2000
close(5)                                = 0
access("/etc/ld.so.nohwcap", F_OK)      = -1 ENOENT (No such file or directory)
open("/opt/amdgpu-pro/lib/x86_64-linux-gnu/libamdocl64.so", O_RDONLY|O_CLOEXEC) = 5
read(5, "\177ELF\2\1\1\0\0\0\0\0\0\0\0\0\3\0>\0\1\0\0\0\220\334[\0\0\0\0\0"..., 832) = 832
fstat(5, {st_mode=S_IFREG|0644, st_size=69343704, ...}) = 0
mmap(NULL, 72235280, PROT_READ|PROT_EXEC, MAP_PRIVATE|MAP_DENYWRITE, 5, 0) = 0x7f72bf4c5000
mprotect(0x7f72c32dd000, 2093056, PROT_NONE) = 0
mmap(0x7f72c34dc000, 4239360, PROT_READ|PROT_WRITE, MAP_PRIVATE|MAP_FIXED|MAP_DENYWRITE, 5, 0x3e17000) = 0x7f72c34dc000
mmap(0x7f72c38e7000, 792848, PROT_READ|PROT_WRITE, MAP_PRIVATE|MAP_FIXED|MAP_ANONYMOUS, -1, 0) = 0x7f72c38e7000
close(5)                                = 0
open("/sys/devices/system/cpu", O_RDONLY|O_NONBLOCK|O_DIRECTORY|O_CLOEXEC) = 5
fstat(5, {st_mode=S_IFDIR|0755, st_size=0, ...}) = 0
getdents(5, /* 19 entries */, 32768)    = 560
getdents(5, /* 0 entries */, 32768)     = 0
close(5)                                = 0
open("/proc/self/maps", O_RDONLY|O_CLOEXEC) = 5
getrlimit(RLIMIT_STACK, {rlim_cur=8192*1024, rlim_max=RLIM64_INFINITY}) = 0
fstat(5, {st_mode=S_IFREG|0444, st_size=0, ...}) = 0
read(5, "00400000-00403000 r-xp 00000000 "..., 1024) = 1024
read(5, "f72c39a9000-7f72c39c1000 r-xp 00"..., 1024) = 1024
read(5, "-linux-gnu/libm-2.23.so\n7f72c3ed"..., 1024) = 1024
read(5, "0 r--p 001bf000 08:01 1181780   "..., 1024) = 1024
read(5, "1000-7f72c4ad2000 rw-p 00026000 "..., 1024) = 472
close(5)                                = 0
sched_getaffinity(5387, 32, [f, 0, 0, 0, 0, 1f391, 0, 0, 0, 0, 0, 0, 0, 242b080, 42ffffffff, 7fffffff, 6573657270080000, 242cd30, ffffffffffffffff, 0, 242cd40, 0, 0, 0, ffffffff, 0, 0, 7f72c469d6e0, ffffffff00000000, 0, 0, 0]) = 32
readlink("/proc/self/exe", "/home/xbdong/Project/github/Open"..., 1024) = 99
readlink("/proc/self/exe", "/home/xbdong/Project/github/Open"..., 1024) = 99
munmap(0x7f72c4ab2000, 111041)          = 0
open("/etc/amd/amdapfxx.blb", O_RDONLY) = 5
fstat(5, {st_mode=S_IFREG|0644, st_size=115460, ...}) = 0
fstat(5, {st_mode=S_IFREG|0644, st_size=115460, ...}) = 0
lseek(5, 114688, SEEK_SET)              = 114688
read(5, "\4\0\0\0@/\0\0\0\0\0\0006\22\0\0D\0\0\0006\22\0\0D\0\0\0\0\0\0\0"..., 772) = 772
lseek(5, 114688, SEEK_SET)              = 114688
read(5, "\4\0\0\0@/\0\0\0\0\0\0006\22\0\0D\0\0\0006\22\0\0D\0\0\0\0\0\0\0"..., 4096) = 772
lseek(5, 0, SEEK_SET)                   = 0
close(5)                                = 0
brk(0x2482000)                          = 0x2482000
open("/etc/amd/amdapfxx.blb", O_RDONLY) = 5
fstat(5, {st_mode=S_IFREG|0644, st_size=115460, ...}) = 0
fstat(5, {st_mode=S_IFREG|0644, st_size=115460, ...}) = 0
lseek(5, 114688, SEEK_SET)              = 114688
read(5, "\4\0\0\0@/\0\0\0\0\0\0006\22\0\0D\0\0\0006\22\0\0D\0\0\0\0\0\0\0"..., 772) = 772
lseek(5, 114688, SEEK_SET)              = 114688
read(5, "\4\0\0\0@/\0\0\0\0\0\0006\22\0\0D\0\0\0006\22\0\0D\0\0\0\0\0\0\0"..., 4096) = 772
lseek(5, 0, SEEK_SET)                   = 0
read(5, "BWJE\1\0\0\0\0\0\0\0\0\0\0\0\0\0\0\0\0\0\0\0\0\0\0\0\1\0\0\0"..., 4096) = 4096
read(5, "e\0\0\0r\0\0\0\0\0\0\0A\0\0\0d\0\0\0o\0\0\0b\0\0\0e\0\0\0"..., 4096) = 4096
read(5, "t\0\0\0s\0\0\0A\0\0\0p\0\0\0p\0\0\0e\0\0\0n\0\0\0d\0\0\0"..., 4096) = 4096
read(5, "\0\0\0\0D\0\0\0O\0\0\0O\0\0\0M\0\0\0003\0\0\0P\0\0\0r\0\0\0"..., 4096) = 4096
read(5, "u\0\0\0p\0\0\0e\0\0\0r\0\0\0A\0\0\0A\0\0\0P\0\0\0r\0\0\0"..., 4096) = 4096
read(5, "\0\0\0\0H\0\0\0a\0\0\0s\0\0\0h\0\0\0006\0\0\0B\0\0\0A\0\0\0"..., 4096) = 4096
read(5, "H\0\0\0o\0\0\0n\0\0\0o\0\0\0u\0\0\0r\0\0\0\0\0\0\0M\0\0\0"..., 4096) = 4096
read(5, "u\0\0\0f\0\0\0f\0\0\0e\0\0\0r\0\0\0S\0\0\0i\0\0\0z\0\0\0"..., 4096) = 4096
read(5, "\0\0\0\0S\0\0\0e\0\0\0r\0\0\0i\0\0\0o\0\0\0u\0\0\0s\0\0\0"..., 4096) = 4096
read(5, "\0\0\0\0T\0\0\0e\0\0\0s\0\0\0s\0\0\0M\0\0\0a\0\0\0r\0\0\0"..., 4096) = 4096
read(5, "e\0\0\0x\0\0\0e\0\0\0\0\0\0\0\0\0\0\0W\0\0\0o\0\0\0l\0\0\0"..., 4096) = 4096
read(5, "q\0\0\0k\0\0\0y\0\0\0l\0\0\0p\0\0\0g\0\0\0x\0\0\0e\0\0\0"..., 4096) = 4096
read(5, "\0\0\0\0f\0\0\0L\0\0\0R\0\0\0S\0\0\0w\0\0\0i\0\0\0t\0\0\0"..., 4096) = 4096
read(5, "m\0\0\0s\0\0\0u\0\0\0r\0\0\0v\0\0\0e\0\0\0y\0\0\0.\0\0\0"..., 4096) = 4096
read(5, "p\0\0\0u\0\0\0s\0\0\0s\0\0\0t\0\0\0u\0\0\0d\0\0\0i\0\0\0"..., 4096) = 4096
read(5, "e\0\0\0s\0\0\0t\0\0\0001\0\0\0000\0\0\0004\0\0\0005\0\0\0004\0\0\0"..., 4096) = 4096
read(5, "\357\37\0\0\3\0\0\0\230\22\0\0@\0\0\0\0\0\0\0\4\0\0\0\362\37\0\0\3\0\0\0"..., 4096) = 4096
read(5, "\0\2\0\0R\37\0\0\273\6\0\0\\\0\0\0\0\0\0\0\4\0\0\0\377\377\377\377\30\0\0\0"..., 4096) = 4096
read(5, "\0\0\0\0R\37\0\0\354\4\0\0l\0\0\0\0\0\0\0\4\0\0\0\377\377\377\377\350\0\0\0"..., 4096) = 4096
read(5, "\0\0\0\0\4\0\0\0\377\377\377\377H\0\0\0\3\0\0\0OpenGLCaps\0\377"..., 4096) = 4096
read(5, "\200\213\5\10\4\0\0\0\0\200\0\1OpenGLCapsEx\0\0\0\0\4\0\0\0"..., 4096) = 4096
read(5, "\0\0\0\0OpenGLCapsEx2\0\0\0\4\0\0\0\1\0\0\0R\37\0\0"..., 4096) = 4096
read(5, "\1\0\0\0jvQl2uth1zeSume\0\4\0\0\0\1\0\0\0C2xE"..., 4096) = 4096
read(5, "\377\377\377\377_#\0\0\377\377\377\377_#\0\0\377\377\377\377_#\0\0\377\377\377\377_#\0\0"..., 4096) = 4096
read(5, "h\0\0\0\203\26\0\0X\0\0\0\0\0\0\0\4\0\0\0\0\0\0\0\4\0\0\0\247-\0\0"..., 4096) = 4096
read(5, "\4\0\0\0\0\0\0\0\4\0\0\0\r.\0\0\0\0\0\0\342\10\0\0000\0\0\0*\30\0\0"..., 4096) = 4096
read(5, "\0\0\0\0\304\21\0\0d\0\0\0007\31\0\0@\0\0\0\0\0\0\0\4\0\0\0\0\0\0\0"..., 4096) = 4096
read(5, "(\0\0\0\0\0\0\0\4\0\0\0\0\0\0\0\4\0\0\0\332.\0\0\0\0\0\0\270\5\0\0"..., 4096) = 4096
read(5, "\4\0\0\0@/\0\0\0\0\0\0006\22\0\0D\0\0\0006\22\0\0D\0\0\0\0\0\0\0"..., 4096) = 772
read(5, "", 4096)                       = 0
lseek(5, 0, SEEK_CUR)                   = 115460
close(5)                                = 0
brk(0x2466000)                          = 0x2466000
open("/sys/devices/system/cpu", O_RDONLY|O_NONBLOCK|O_DIRECTORY|O_CLOEXEC) = 5
fstat(5, {st_mode=S_IFDIR|0755, st_size=0, ...}) = 0
getdents(5, /* 19 entries */, 32768)    = 560
getdents(5, /* 0 entries */, 32768)     = 0
close(5)                                = 0
open("/sys/module/amdgpu", O_RDONLY|O_NONBLOCK|O_DIRECTORY|O_CLOEXEC) = 5
fstat(5, {st_mode=S_IFDIR|0755, st_size=0, ...}) = 0
close(5)                                = 0
open("/etc/ld.so.cache", O_RDONLY|O_CLOEXEC) = 5
fstat(5, {st_mode=S_IFREG|0644, st_size=111041, ...}) = 0
mmap(NULL, 111041, PROT_READ, MAP_PRIVATE, 5, 0) = 0x7f72c4ab2000
close(5)                                = 0
access("/etc/ld.so.nohwcap", F_OK)      = -1 ENOENT (No such file or directory)
open("/opt/amdgpu-pro/lib/x86_64-linux-gnu/libdrm.so.2", O_RDONLY|O_CLOEXEC) = 5
read(5, "\177ELF\2\1\1\0\0\0\0\0\0\0\0\0\3\0>\0\1\0\0\0@5\0\0\0\0\0\0"..., 832) = 832
fstat(5, {st_mode=S_IFREG|0644, st_size=59656, ...}) = 0
mmap(NULL, 2157488, PROT_READ|PROT_EXEC, MAP_PRIVATE|MAP_DENYWRITE, 5, 0) = 0x7f72bf2b6000
mprotect(0x7f72bf2c4000, 2093056, PROT_NONE) = 0
mmap(0x7f72bf4c3000, 8192, PROT_READ|PROT_WRITE, MAP_PRIVATE|MAP_FIXED|MAP_DENYWRITE, 5, 0xd000) = 0x7f72bf4c3000
close(5)                                = 0
mprotect(0x7f72bf4c3000, 4096, PROT_READ) = 0
munmap(0x7f72c4ab2000, 111041)          = 0
open("/dev/dri", O_RDONLY|O_NONBLOCK|O_DIRECTORY|O_CLOEXEC) = 5
fstat(5, {st_mode=S_IFDIR|0755, st_size=100, ...}) = 0
getdents(5, /* 5 entries */, 32768)     = 144
stat("/dev/dri/card0", {st_mode=S_IFCHR|0660, st_rdev=makedev(226, 0), ...}) = 0
readlink("/sys/dev/char/226:0/device/subsystem", "../../../../bus/pci", 4096) = 19
open("/sys/dev/char/226:0/device/uevent", O_RDONLY) = 6
read(6, "DRIVER=amdgpu\nPCI_CLASS=30000\nPC"..., 129) = 129
close(6)                                = 0
open("/sys/class/drm/card0/device/config", O_RDONLY) = 6
read(6, "\2\20\357g\7\4\20 \317\0\0\3\20\0\200\0\f\0\0\300\0\0\0\0\f\0\0\320\0\0\0\0"..., 64) = 64
close(6)                                = 0
stat("/dev/dri/renderD128", {st_mode=S_IFCHR|0660, st_rdev=makedev(226, 128), ...}) = 0
readlink("/sys/dev/char/226:128/device/subsystem", "../../../../bus/pci", 4096) = 19
open("/sys/dev/char/226:128/device/uevent", O_RDONLY) = 6
read(6, "DRIVER=amdgpu\nPCI_CLASS=30000\nPC"..., 129) = 129
close(6)                                = 0
open("/sys/class/drm/renderD128/device/config", O_RDONLY) = 6
read(6, "\2\20\357g\7\4\20 \317\0\0\3\20\0\200\0\f\0\0\300\0\0\0\0\f\0\0\320\0\0\0\0"..., 64) = 64
close(6)                                = 0
stat("/dev/dri/controlD64", {st_mode=S_IFCHR|0600, st_rdev=makedev(226, 64), ...}) = 0
readlink("/sys/dev/char/226:64/device/subsystem", "../../../../bus/pci", 4096) = 19
open("/sys/dev/char/226:64/device/uevent", O_RDONLY) = 6
read(6, "DRIVER=amdgpu\nPCI_CLASS=30000\nPC"..., 129) = 129
close(6)                                = 0
open("/sys/class/drm/controlD64/device/config", O_RDONLY) = 6
read(6, "\2\20\357g\7\4\20 \317\0\0\3\20\0\200\0\f\0\0\300\0\0\0\0\f\0\0\320\0\0\0\0"..., 64) = 64
close(6)                                = 0
getdents(5, /* 0 entries */, 32768)     = 0
close(5)                                = 0
open("/etc/amd/amdapfxx.blb", O_RDONLY) = 5
fstat(5, {st_mode=S_IFREG|0644, st_size=115460, ...}) = 0
fstat(5, {st_mode=S_IFREG|0644, st_size=115460, ...}) = 0
lseek(5, 114688, SEEK_SET)              = 114688
read(5, "\4\0\0\0@/\0\0\0\0\0\0006\22\0\0D\0\0\0006\22\0\0D\0\0\0\0\0\0\0"..., 772) = 772
lseek(5, 114688, SEEK_SET)              = 114688
read(5, "\4\0\0\0@/\0\0\0\0\0\0006\22\0\0D\0\0\0006\22\0\0D\0\0\0\0\0\0\0"..., 4096) = 772
lseek(5, 0, SEEK_SET)                   = 0
close(5)                                = 0
brk(0x248b000)                          = 0x248b000
open("/etc/amd/amdapfxx.blb", O_RDONLY) = 5
fstat(5, {st_mode=S_IFREG|0644, st_size=115460, ...}) = 0
fstat(5, {st_mode=S_IFREG|0644, st_size=115460, ...}) = 0
lseek(5, 114688, SEEK_SET)              = 114688
read(5, "\4\0\0\0@/\0\0\0\0\0\0006\22\0\0D\0\0\0006\22\0\0D\0\0\0\0\0\0\0"..., 772) = 772
lseek(5, 114688, SEEK_SET)              = 114688
read(5, "\4\0\0\0@/\0\0\0\0\0\0006\22\0\0D\0\0\0006\22\0\0D\0\0\0\0\0\0\0"..., 4096) = 772
lseek(5, 0, SEEK_SET)                   = 0
read(5, "BWJE\1\0\0\0\0\0\0\0\0\0\0\0\0\0\0\0\0\0\0\0\0\0\0\0\1\0\0\0"..., 4096) = 4096
read(5, "e\0\0\0r\0\0\0\0\0\0\0A\0\0\0d\0\0\0o\0\0\0b\0\0\0e\0\0\0"..., 4096) = 4096
read(5, "t\0\0\0s\0\0\0A\0\0\0p\0\0\0p\0\0\0e\0\0\0n\0\0\0d\0\0\0"..., 4096) = 4096
read(5, "\0\0\0\0D\0\0\0O\0\0\0O\0\0\0M\0\0\0003\0\0\0P\0\0\0r\0\0\0"..., 4096) = 4096
read(5, "u\0\0\0p\0\0\0e\0\0\0r\0\0\0A\0\0\0A\0\0\0P\0\0\0r\0\0\0"..., 4096) = 4096
read(5, "\0\0\0\0H\0\0\0a\0\0\0s\0\0\0h\0\0\0006\0\0\0B\0\0\0A\0\0\0"..., 4096) = 4096
read(5, "H\0\0\0o\0\0\0n\0\0\0o\0\0\0u\0\0\0r\0\0\0\0\0\0\0M\0\0\0"..., 4096) = 4096
read(5, "u\0\0\0f\0\0\0f\0\0\0e\0\0\0r\0\0\0S\0\0\0i\0\0\0z\0\0\0"..., 4096) = 4096
read(5, "\0\0\0\0S\0\0\0e\0\0\0r\0\0\0i\0\0\0o\0\0\0u\0\0\0s\0\0\0"..., 4096) = 4096
read(5, "\0\0\0\0T\0\0\0e\0\0\0s\0\0\0s\0\0\0M\0\0\0a\0\0\0r\0\0\0"..., 4096) = 4096
read(5, "e\0\0\0x\0\0\0e\0\0\0\0\0\0\0\0\0\0\0W\0\0\0o\0\0\0l\0\0\0"..., 4096) = 4096
read(5, "q\0\0\0k\0\0\0y\0\0\0l\0\0\0p\0\0\0g\0\0\0x\0\0\0e\0\0\0"..., 4096) = 4096
read(5, "\0\0\0\0f\0\0\0L\0\0\0R\0\0\0S\0\0\0w\0\0\0i\0\0\0t\0\0\0"..., 4096) = 4096
read(5, "m\0\0\0s\0\0\0u\0\0\0r\0\0\0v\0\0\0e\0\0\0y\0\0\0.\0\0\0"..., 4096) = 4096
read(5, "p\0\0\0u\0\0\0s\0\0\0s\0\0\0t\0\0\0u\0\0\0d\0\0\0i\0\0\0"..., 4096) = 4096
read(5, "e\0\0\0s\0\0\0t\0\0\0001\0\0\0000\0\0\0004\0\0\0005\0\0\0004\0\0\0"..., 4096) = 4096
read(5, "\357\37\0\0\3\0\0\0\230\22\0\0@\0\0\0\0\0\0\0\4\0\0\0\362\37\0\0\3\0\0\0"..., 4096) = 4096
read(5, "\0\2\0\0R\37\0\0\273\6\0\0\\\0\0\0\0\0\0\0\4\0\0\0\377\377\377\377\30\0\0\0"..., 4096) = 4096
read(5, "\0\0\0\0R\37\0\0\354\4\0\0l\0\0\0\0\0\0\0\4\0\0\0\377\377\377\377\350\0\0\0"..., 4096) = 4096
read(5, "\0\0\0\0\4\0\0\0\377\377\377\377H\0\0\0\3\0\0\0OpenGLCaps\0\377"..., 4096) = 4096
read(5, "\200\213\5\10\4\0\0\0\0\200\0\1OpenGLCapsEx\0\0\0\0\4\0\0\0"..., 4096) = 4096
read(5, "\0\0\0\0OpenGLCapsEx2\0\0\0\4\0\0\0\1\0\0\0R\37\0\0"..., 4096) = 4096
read(5, "\1\0\0\0jvQl2uth1zeSume\0\4\0\0\0\1\0\0\0C2xE"..., 4096) = 4096
read(5, "\377\377\377\377_#\0\0\377\377\377\377_#\0\0\377\377\377\377_#\0\0\377\377\377\377_#\0\0"..., 4096) = 4096
read(5, "h\0\0\0\203\26\0\0X\0\0\0\0\0\0\0\4\0\0\0\0\0\0\0\4\0\0\0\247-\0\0"..., 4096) = 4096
read(5, "\4\0\0\0\0\0\0\0\4\0\0\0\r.\0\0\0\0\0\0\342\10\0\0000\0\0\0*\30\0\0"..., 4096) = 4096
read(5, "\0\0\0\0\304\21\0\0d\0\0\0007\31\0\0@\0\0\0\0\0\0\0\4\0\0\0\0\0\0\0"..., 4096) = 4096
read(5, "(\0\0\0\0\0\0\0\4\0\0\0\0\0\0\0\4\0\0\0\332.\0\0\0\0\0\0\270\5\0\0"..., 4096) = 4096
read(5, "\4\0\0\0@/\0\0\0\0\0\0006\22\0\0D\0\0\0006\22\0\0D\0\0\0\0\0\0\0"..., 4096) = 772
read(5, "", 4096)                       = 0
lseek(5, 0, SEEK_CUR)                   = 115460
close(5)                                = 0
sysinfo({uptime=17601, loads=[5664, 6880, 5664], totalram=8310583296, freeram=5851648000, sharedram=59609088, bufferram=43884544, totalswap=16381898752, freeswap=16374800384, procs=537, totalhigh=0, freehigh=0, mem_unit=1}) = 0
open("cal.ini", O_RDONLY)               = -1 ENOENT (No such file or directory)
open("/dev/dri/renderD128", O_RDWR)     = 5
open("/etc/ld.so.cache", O_RDONLY|O_CLOEXEC) = 6
fstat(6, {st_mode=S_IFREG|0644, st_size=111041, ...}) = 0
mmap(NULL, 111041, PROT_READ, MAP_PRIVATE, 6, 0) = 0x7f72c4ab2000
close(6)                                = 0
access("/etc/ld.so.nohwcap", F_OK)      = -1 ENOENT (No such file or directory)
open("/opt/amdgpu-pro/lib/x86_64-linux-gnu/libdrm_amdgpu.so.1", O_RDONLY|O_CLOEXEC) = 6
read(6, "\177ELF\2\1\1\0\0\0\0\0\0\0\0\0\3\0>\0\1\0\0\0 \37\0\0\0\0\0\0"..., 832) = 832
fstat(6, {st_mode=S_IFREG|0644, st_size=51376, ...}) = 0
mmap(NULL, 2146880, PROT_READ|PROT_EXEC, MAP_PRIVATE|MAP_DENYWRITE, 6, 0) = 0x7f72bf0a9000
mprotect(0x7f72bf0b5000, 2093056, PROT_NONE) = 0
mmap(0x7f72bf2b4000, 8192, PROT_READ|PROT_WRITE, MAP_PRIVATE|MAP_FIXED|MAP_DENYWRITE, 6, 0xb000) = 0x7f72bf2b4000
close(6)                                = 0
mprotect(0x7f72bf2b4000, 4096, PROT_READ) = 0
munmap(0x7f72c4ab2000, 111041)          = 0
fstat(5, {st_mode=S_IFCHR|0660, st_rdev=makedev(226, 128), ...}) = 0
fstat(5, {st_mode=S_IFCHR|0660, st_rdev=makedev(226, 128), ...}) = 0
open("/sys/dev/char/226:128/device/drm", O_RDONLY|O_NONBLOCK|O_DIRECTORY|O_CLOEXEC) = 6
fstat(6, {st_mode=S_IFDIR|0755, st_size=0, ...}) = 0
fstatfs(6, {f_type="SYSFS_MAGIC", f_bsize=4096, f_blocks=0, f_bfree=0, f_bavail=0, f_files=0, f_ffree=0, f_fsid={0, 0}, f_namelen=255, f_frsize=4096, f_flags=4142}) = 0
getdents(6, /* 5 entries */, 32768)     = 144
brk(0x246f000)                          = 0x246f000
close(6)                                = 0
ioctl(5, DRM_IOCTL_VERSION, 0x244a480)  = 0
ioctl(5, DRM_IOCTL_VERSION, 0x244a480)  = 0
dup(5)                                  = 6
ioctl(6, DRM_IOCTL_SIS_FB_FREE, 0x7ffe27e01740) = 0
ioctl(6, DRM_IOCTL_SIS_FB_FREE, 0x7ffe27e01710) = 0
ioctl(6, DRM_IOCTL_SIS_FB_FREE, 0x7ffe27e01710) = 0
ioctl(6, DRM_IOCTL_SIS_FB_FREE, 0x7ffe27e01710) = 0
ioctl(6, DRM_IOCTL_SIS_FB_FREE, 0x7ffe27e01710) = 0
ioctl(6, DRM_IOCTL_SIS_FB_FREE, 0x7ffe27e01710) = 0
ioctl(6, DRM_IOCTL_SIS_FB_FREE, 0x7ffe27e01710) = 0
ioctl(6, DRM_IOCTL_SIS_FB_FREE, 0x7ffe27e01710) = 0
ioctl(6, DRM_IOCTL_SIS_FB_FREE, 0x7ffe27e01710) = 0
ioctl(6, DRM_IOCTL_SIS_FB_FREE, 0x7ffe27e01710) = 0
ioctl(6, DRM_IOCTL_SIS_FB_FREE, 0x7ffe27e01710) = 0
ioctl(6, DRM_IOCTL_SIS_FB_FREE, 0x7ffe27e01710) = 0
fstat(6, {st_mode=S_IFCHR|0660, st_rdev=makedev(226, 128), ...}) = 0
open("/sys/dev/char/226:128/device/drm", O_RDONLY|O_NONBLOCK|O_DIRECTORY|O_CLOEXEC) = 7
fstat(7, {st_mode=S_IFDIR|0755, st_size=0, ...}) = 0
fstatfs(7, {f_type="SYSFS_MAGIC", f_bsize=4096, f_blocks=0, f_bfree=0, f_bavail=0, f_files=0, f_ffree=0, f_fsid={0, 0}, f_namelen=255, f_frsize=4096, f_flags=4142}) = 0
getdents(7, /* 5 entries */, 32768)     = 144
close(7)                                = 0
ioctl(6, DRM_IOCTL_MSM_GEM_NEW, 0x7ffe27e017a0) = 0
ioctl(6, DRM_IOCTL_SIS_FB_FREE, 0x7ffe27e01760) = 0
ioctl(6, DRM_IOCTL_SIS_FB_FREE, 0x7ffe27e01760) = 0
ioctl(6, DRM_IOCTL_SIS_FB_FREE, 0x7ffe27e01760) = 0
ioctl(6, DRM_IOCTL_SIS_FB_FREE, 0x7ffe27e01760) = 0
ioctl(6, DRM_IOCTL_SIS_FB_FREE, 0x7ffe27e01760) = 0
ioctl(6, DRM_IOCTL_SIS_FB_FREE, 0x7ffe27e01760) = 0
mmap(0xc00200000, 17177772032, PROT_NONE, MAP_PRIVATE|MAP_ANONYMOUS|MAP_NORESERVE, -1, 0) = 0xc00200000
open("/sys/devices/system/cpu/online", O_RDONLY|O_CLOEXEC) = 7
read(7, "0-3\n", 8192)                  = 4
close(7)                                = 0
mmap(NULL, 249856, PROT_READ|PROT_WRITE, MAP_PRIVATE|MAP_ANONYMOUS, -1, 0) = 0x7f72c4a70000
mmap(NULL, 495616, PROT_READ|PROT_WRITE, MAP_PRIVATE|MAP_ANONYMOUS, -1, 0) = 0x7f72c49f7000
brk(0x2494000)                          = 0x2494000
mmap(NULL, 200704, PROT_READ|PROT_WRITE, MAP_PRIVATE|MAP_ANONYMOUS, -1, 0) = 0x7f72c49c6000
ioctl(6, DRM_IOCTL_VIA_ALLOCMEM, 0x7ffe27e014b0) = 0
ioctl(6, _IOC(_IOC_READ|_IOC_WRITE, 0x64, 0x48, 0x28), 0x7ffe27e014c0) = 0
ioctl(6, DRM_IOCTL_TEGRA_GEM_MMAP, 0x7ffe27e015d0) = 0
mmap(NULL, 65536, PROT_READ|PROT_WRITE, MAP_SHARED, 6, 0x14456e000) = 0x7f72c4abe000
mmap(NULL, 200704, PROT_READ|PROT_WRITE, MAP_PRIVATE|MAP_ANONYMOUS, -1, 0) = 0x7f72c4995000
ioctl(6, DRM_IOCTL_VIA_ALLOCMEM, 0x7ffe27e014b0) = 0
ioctl(6, _IOC(_IOC_READ|_IOC_WRITE, 0x64, 0x48, 0x28), 0x7ffe27e014c0) = 0
ioctl(6, DRM_IOCTL_TEGRA_GEM_MMAP, 0x7ffe27e015d0) = 0
mmap(NULL, 65536, PROT_READ|PROT_WRITE, MAP_SHARED, 6, 0x14457e000) = 0x7f72c4985000
brk(0x24cb000)                          = 0x24cb000
ioctl(6, DRM_IOCTL_VIA_ALLOCMEM, 0x7ffe27e01570) = 0
ioctl(6, _IOC(_IOC_READ|_IOC_WRITE, 0x64, 0x48, 0x28), 0x7ffe27e01580) = 0
ioctl(6, DRM_IOCTL_VIA_ALLOCMEM, 0x7ffe27e01570) = 0
ioctl(6, _IOC(_IOC_READ|_IOC_WRITE, 0x64, 0x48, 0x28), 0x7ffe27e01580) = 0
ioctl(6, DRM_IOCTL_VIA_ALLOCMEM, 0x7ffe27e01570) = 0
ioctl(6, _IOC(_IOC_READ|_IOC_WRITE, 0x64, 0x48, 0x28), 0x7ffe27e01580) = 0
ioctl(6, DRM_IOCTL_VIA_ALLOCMEM, 0x7ffe27e011b0) = 0
ioctl(6, _IOC(_IOC_READ|_IOC_WRITE, 0x64, 0x48, 0x28), 0x7ffe27e011c0) = 0
ioctl(6, DRM_IOCTL_TEGRA_GEM_MMAP, 0x7ffe27e015d0) = 0
mmap(NULL, 262144, PROT_READ|PROT_WRITE, MAP_SHARED, 6, 0x144591000) = 0x7f72c4945000
ioctl(6, DRM_IOCTL_VIA_ALLOCMEM, 0x7ffe27e011b0) = 0
ioctl(6, _IOC(_IOC_READ|_IOC_WRITE, 0x64, 0x48, 0x28), 0x7ffe27e011c0) = 0
ioctl(6, DRM_IOCTL_TEGRA_GEM_MMAP, 0x7ffe27e015d0) = 0
mmap(NULL, 262144, PROT_READ|PROT_WRITE, MAP_SHARED, 6, 0x1445d6000) = 0x7f72c4905000
ioctl(6, DRM_IOCTL_VIA_ALLOCMEM, 0x7ffe27e011b0) = 0
ioctl(6, _IOC(_IOC_READ|_IOC_WRITE, 0x64, 0x48, 0x28), 0x7ffe27e011c0) = 0
ioctl(6, DRM_IOCTL_TEGRA_GEM_MMAP, 0x7ffe27e015d0) = 0
mmap(NULL, 65536, PROT_READ|PROT_WRITE, MAP_SHARED, 6, 0x144616000) = 0x7f72c48f5000
ioctl(6, DRM_IOCTL_VIA_ALLOCMEM, 0x7ffe27e011b0) = 0
ioctl(6, _IOC(_IOC_READ|_IOC_WRITE, 0x64, 0x48, 0x28), 0x7ffe27e011c0) = 0
ioctl(6, DRM_IOCTL_TEGRA_GEM_MMAP, 0x7ffe27e015d0) = 0
mmap(NULL, 65536, PROT_READ|PROT_WRITE, MAP_SHARED, 6, 0x143e35000) = 0x7f72c48e5000
ioctl(6, DRM_IOCTL_VIA_ALLOCMEM, 0x7ffe27e011b0) = 0
ioctl(6, _IOC(_IOC_READ|_IOC_WRITE, 0x64, 0x48, 0x28), 0x7ffe27e011c0) = 0
ioctl(6, DRM_IOCTL_TEGRA_GEM_MMAP, 0x7ffe27e015d0) = 0
mmap(NULL, 1048576, PROT_READ|PROT_WRITE, MAP_SHARED, 6, 0x144626000) = 0x7f72befa9000
ioctl(6, DRM_IOCTL_VIA_ALLOCMEM, 0x7ffe27e011b0) = 0
ioctl(6, _IOC(_IOC_READ|_IOC_WRITE, 0x64, 0x48, 0x28), 0x7ffe27e011c0) = 0
ioctl(6, DRM_IOCTL_TEGRA_GEM_MMAP, 0x7ffe27e015d0) = 0
mmap(NULL, 1048576, PROT_READ|PROT_WRITE, MAP_SHARED, 6, 0x144726000) = 0x7f72beea9000
ioctl(6, DRM_IOCTL_VIA_ALLOCMEM, 0x7ffe27e011b0) = 0
ioctl(6, _IOC(_IOC_READ|_IOC_WRITE, 0x64, 0x48, 0x28), 0x7ffe27e011c0) = 0
ioctl(6, DRM_IOCTL_TEGRA_GEM_MMAP, 0x7ffe27e015d0) = 0
mmap(NULL, 65536, PROT_READ|PROT_WRITE, MAP_SHARED, 6, 0x144826000) = 0x7f72c48d5000
ioctl(6, DRM_IOCTL_VIA_ALLOCMEM, 0x7ffe27e011b0) = 0
ioctl(6, _IOC(_IOC_READ|_IOC_WRITE, 0x64, 0x48, 0x28), 0x7ffe27e011c0) = 0
ioctl(6, DRM_IOCTL_TEGRA_GEM_MMAP, 0x7ffe27e015d0) = 0
mmap(NULL, 65536, PROT_READ|PROT_WRITE, MAP_SHARED, 6, 0x144836000) = 0x7f72bee99000
ioctl(6, DRM_IOCTL_SIS_FB_FREE, 0x7ffe27e018f0) = 0
ioctl(6, DRM_IOCTL_SIS_FB_FREE, 0x7ffe27e018f0) = 0
ioctl(6, DRM_IOCTL_SIS_FB_FREE, 0x7ffe27e018f0) = 0
ioctl(6, DRM_IOCTL_SIS_FB_FREE, 0x7ffe27e018f0) = 0
ioctl(6, DRM_IOCTL_SIS_FB_FREE, 0x7ffe27e018f0) = 0
ioctl(6, DRM_IOCTL_SIS_FB_FREE, 0x7ffe27e018f0) = 0
ioctl(6, DRM_IOCTL_SIS_FB_FREE, 0x7ffe27e01c00) = 0
ioctl(6, DRM_IOCTL_SIS_FB_FREE, 0x7ffe27e01c00) = 0
ioctl(6, DRM_IOCTL_SIS_FB_FREE, 0x7ffe27e01c00) = 0
ioctl(6, DRM_IOCTL_SIS_FB_FREE, 0x7ffe27e01c00) = 0
ioctl(6, DRM_IOCTL_SIS_FB_FREE, 0x7ffe27e01c00) = 0
ioctl(6, DRM_IOCTL_SIS_FB_FREE, 0x7ffe27e01c00) = 0
ioctl(6, _IOC(_IOC_READ|_IOC_WRITE, 0x64, 0x48, 0x28), 0x7ffe27e01700) = 0
ioctl(6, DRM_IOCTL_GEM_CLOSE, 0x7ffe27e01720) = 0
ioctl(6, _IOC(_IOC_READ|_IOC_WRITE, 0x64, 0x48, 0x28), 0x7ffe27e01700) = 0
ioctl(6, DRM_IOCTL_GEM_CLOSE, 0x7ffe27e01720) = 0
ioctl(6, _IOC(_IOC_READ|_IOC_WRITE, 0x64, 0x48, 0x28), 0x7ffe27e01700) = 0
ioctl(6, DRM_IOCTL_GEM_CLOSE, 0x7ffe27e01720) = 0
munmap(0x7f72c4945000, 262144)          = 0
ioctl(6, _IOC(_IOC_READ|_IOC_WRITE, 0x64, 0x48, 0x28), 0x7ffe27e01640) = 0
ioctl(6, DRM_IOCTL_GEM_CLOSE, 0x7ffe27e01660) = 0
munmap(0x7f72c4905000, 262144)          = 0
ioctl(6, _IOC(_IOC_READ|_IOC_WRITE, 0x64, 0x48, 0x28), 0x7ffe27e01640) = 0
ioctl(6, DRM_IOCTL_GEM_CLOSE, 0x7ffe27e01660) = 0
munmap(0x7f72c48f5000, 65536)           = 0
ioctl(6, _IOC(_IOC_READ|_IOC_WRITE, 0x64, 0x48, 0x28), 0x7ffe27e01640) = 0
ioctl(6, DRM_IOCTL_GEM_CLOSE, 0x7ffe27e01660) = 0
munmap(0x7f72c48e5000, 65536)           = 0
ioctl(6, _IOC(_IOC_READ|_IOC_WRITE, 0x64, 0x48, 0x28), 0x7ffe27e01640) = 0
ioctl(6, DRM_IOCTL_GEM_CLOSE, 0x7ffe27e01660) = 0
munmap(0x7f72befa9000, 1048576)         = 0
ioctl(6, _IOC(_IOC_READ|_IOC_WRITE, 0x64, 0x48, 0x28), 0x7ffe27e01640) = 0
ioctl(6, DRM_IOCTL_GEM_CLOSE, 0x7ffe27e01660) = 0
munmap(0x7f72beea9000, 1048576)         = 0
ioctl(6, _IOC(_IOC_READ|_IOC_WRITE, 0x64, 0x48, 0x28), 0x7ffe27e01640) = 0
ioctl(6, DRM_IOCTL_GEM_CLOSE, 0x7ffe27e01660) = 0
munmap(0x7f72c48d5000, 65536)           = 0
ioctl(6, _IOC(_IOC_READ|_IOC_WRITE, 0x64, 0x48, 0x28), 0x7ffe27e01640) = 0
ioctl(6, DRM_IOCTL_GEM_CLOSE, 0x7ffe27e01660) = 0
munmap(0x7f72bee99000, 65536)           = 0
ioctl(6, _IOC(_IOC_READ|_IOC_WRITE, 0x64, 0x48, 0x28), 0x7ffe27e01640) = 0
ioctl(6, DRM_IOCTL_GEM_CLOSE, 0x7ffe27e01660) = 0
munmap(0x7f72c4abe000, 65536)           = 0
ioctl(6, _IOC(_IOC_READ|_IOC_WRITE, 0x64, 0x48, 0x28), 0x7ffe27e01bc0) = 0
ioctl(6, DRM_IOCTL_GEM_CLOSE, 0x7ffe27e01be0) = 0
munmap(0x7f72c49c6000, 200704)          = 0
munmap(0x7f72c4985000, 65536)           = 0
ioctl(6, _IOC(_IOC_READ|_IOC_WRITE, 0x64, 0x48, 0x28), 0x7ffe27e01bc0) = 0
ioctl(6, DRM_IOCTL_GEM_CLOSE, 0x7ffe27e01be0) = 0
munmap(0x7f72c4995000, 200704)          = 0
ioctl(6, DRM_IOCTL_VIA_ALLOCMEM, 0x7ffe27e01400) = 0
ioctl(6, _IOC(_IOC_READ|_IOC_WRITE, 0x64, 0x48, 0x28), 0x7ffe27e01410) = 0
ioctl(6, DRM_IOCTL_TEGRA_GEM_MMAP, 0x7ffe27e01520) = 0
mmap(NULL, 65536, PROT_READ|PROT_WRITE, MAP_SHARED, 6, 0x14456e000) = 0x7f72c4abe000
brk(0x2512000)                          = 0x2512000
ioctl(6, DRM_IOCTL_VIA_ALLOCMEM, 0x7ffe27e01400) = 0
ioctl(6, _IOC(_IOC_READ|_IOC_WRITE, 0x64, 0x48, 0x28), 0x7ffe27e01410) = 0
ioctl(6, DRM_IOCTL_TEGRA_GEM_MMAP, 0x7ffe27e01520) = 0
mmap(NULL, 65536, PROT_READ|PROT_WRITE, MAP_SHARED, 6, 0x14457e000) = 0x7f72c49e7000
ioctl(6, DRM_IOCTL_VIA_ALLOCMEM, 0x7ffe27e014c0) = 0
ioctl(6, _IOC(_IOC_READ|_IOC_WRITE, 0x64, 0x48, 0x28), 0x7ffe27e014d0) = 0
ioctl(6, DRM_IOCTL_VIA_ALLOCMEM, 0x7ffe27e014c0) = 0
ioctl(6, _IOC(_IOC_READ|_IOC_WRITE, 0x64, 0x48, 0x28), 0x7ffe27e014d0) = 0
ioctl(6, DRM_IOCTL_VIA_ALLOCMEM, 0x7ffe27e014c0) = 0
ioctl(6, _IOC(_IOC_READ|_IOC_WRITE, 0x64, 0x48, 0x28), 0x7ffe27e014d0) = 0
ioctl(6, DRM_IOCTL_VIA_ALLOCMEM, 0x7ffe27e01100) = 0
ioctl(6, _IOC(_IOC_READ|_IOC_WRITE, 0x64, 0x48, 0x28), 0x7ffe27e01110) = 0
brk(0x2533000)                          = 0x2533000
ioctl(6, DRM_IOCTL_TEGRA_GEM_MMAP, 0x7ffe27e01520) = 0
mmap(NULL, 262144, PROT_READ|PROT_WRITE, MAP_SHARED, 6, 0x144591000) = 0x7f72c49a7000
ioctl(6, DRM_IOCTL_VIA_ALLOCMEM, 0x7ffe27e01100) = 0
ioctl(6, _IOC(_IOC_READ|_IOC_WRITE, 0x64, 0x48, 0x28), 0x7ffe27e01110) = 0
ioctl(6, DRM_IOCTL_TEGRA_GEM_MMAP, 0x7ffe27e01520) = 0
mmap(NULL, 262144, PROT_READ|PROT_WRITE, MAP_SHARED, 6, 0x1445d6000) = 0x7f72c4967000
ioctl(6, DRM_IOCTL_VIA_ALLOCMEM, 0x7ffe27e01100) = 0
ioctl(6, _IOC(_IOC_READ|_IOC_WRITE, 0x64, 0x48, 0x28), 0x7ffe27e01110) = 0
ioctl(6, DRM_IOCTL_TEGRA_GEM_MMAP, 0x7ffe27e01520) = 0
mmap(NULL, 65536, PROT_READ|PROT_WRITE, MAP_SHARED, 6, 0x144616000) = 0x7f72c4957000
ioctl(6, DRM_IOCTL_VIA_ALLOCMEM, 0x7ffe27e01100) = 0
ioctl(6, _IOC(_IOC_READ|_IOC_WRITE, 0x64, 0x48, 0x28), 0x7ffe27e01110) = 0
ioctl(6, DRM_IOCTL_TEGRA_GEM_MMAP, 0x7ffe27e01520) = 0
mmap(NULL, 65536, PROT_READ|PROT_WRITE, MAP_SHARED, 6, 0x144626000) = 0x7f72c4947000
ioctl(6, DRM_IOCTL_VIA_ALLOCMEM, 0x7ffe27e01100) = 0
ioctl(6, _IOC(_IOC_READ|_IOC_WRITE, 0x64, 0x48, 0x28), 0x7ffe27e01110) = 0
ioctl(6, DRM_IOCTL_TEGRA_GEM_MMAP, 0x7ffe27e01520) = 0
mmap(NULL, 1048576, PROT_READ|PROT_WRITE, MAP_SHARED, 6, 0x144636000) = 0x7f72befa9000
ioctl(6, DRM_IOCTL_VIA_ALLOCMEM, 0x7ffe27e01100) = 0
ioctl(6, _IOC(_IOC_READ|_IOC_WRITE, 0x64, 0x48, 0x28), 0x7ffe27e01110) = 0
ioctl(6, DRM_IOCTL_TEGRA_GEM_MMAP, 0x7ffe27e01520) = 0
mmap(NULL, 1048576, PROT_READ|PROT_WRITE, MAP_SHARED, 6, 0x144736000) = 0x7f72beea9000
ioctl(6, DRM_IOCTL_VIA_ALLOCMEM, 0x7ffe27e01100) = 0
ioctl(6, _IOC(_IOC_READ|_IOC_WRITE, 0x64, 0x48, 0x28), 0x7ffe27e01110) = 0
ioctl(6, DRM_IOCTL_TEGRA_GEM_MMAP, 0x7ffe27e01520) = 0
mmap(NULL, 65536, PROT_READ|PROT_WRITE, MAP_SHARED, 6, 0x144836000) = 0x7f72c4937000
ioctl(6, DRM_IOCTL_VIA_ALLOCMEM, 0x7ffe27e01100) = 0
ioctl(6, _IOC(_IOC_READ|_IOC_WRITE, 0x64, 0x48, 0x28), 0x7ffe27e01110) = 0
ioctl(6, DRM_IOCTL_TEGRA_GEM_MMAP, 0x7ffe27e01520) = 0
mmap(NULL, 65536, PROT_READ|PROT_WRITE, MAP_SHARED, 6, 0x144846000) = 0x7f72c4927000
brk(0x2568000)                          = 0x2568000
ioctl(6, _IOC(_IOC_READ|_IOC_WRITE, 0x64, 0x43, 0x18), 0x7ffe27e01340) = 0
ioctl(6, _IOC(_IOC_READ|_IOC_WRITE, 0x64, 0x44, 0x18), 0x7ffe27e01320) = 0
ioctl(6, _IOC(_IOC_READ|_IOC_WRITE, 0x64, 0x43, 0x18), 0x7ffe27e01370) = 0
ioctl(6, DRM_IOCTL_VIA_ALLOCMEM, 0x7ffe27e01080) = 0
ioctl(6, _IOC(_IOC_READ|_IOC_WRITE, 0x64, 0x48, 0x28), 0x7ffe27e01090) = 0
ioctl(6, DRM_IOCTL_TEGRA_GEM_MMAP, 0x7ffe27e011a0) = 0
mmap(NULL, 65536, PROT_READ|PROT_WRITE, MAP_SHARED, 6, 0x144856000) = 0x7f72c4917000
ioctl(6, _IOC(_IOC_READ|_IOC_WRITE, 0x64, 0x43, 0x18), 0x7ffe27e01340) = 0
ioctl(6, _IOC(_IOC_READ|_IOC_WRITE, 0x64, 0x44, 0x18), 0x7ffe27e01320) = 0
ioctl(6, _IOC(_IOC_READ|_IOC_WRITE, 0x64, 0x43, 0x18), 0x7ffe27e01370) = 0
ioctl(6, DRM_IOCTL_VIA_ALLOCMEM, 0x7ffe27e01080) = 0
ioctl(6, _IOC(_IOC_READ|_IOC_WRITE, 0x64, 0x48, 0x28), 0x7ffe27e01090) = 0
ioctl(6, DRM_IOCTL_TEGRA_GEM_MMAP, 0x7ffe27e011a0) = 0
mmap(NULL, 65536, PROT_READ|PROT_WRITE, MAP_SHARED, 6, 0x144866000) = 0x7f72c4907000
ioctl(6, DRM_IOCTL_VIA_ALLOCMEM, 0x7ffe27e013c0) = 0
ioctl(6, _IOC(_IOC_READ|_IOC_WRITE, 0x64, 0x48, 0x28), 0x7ffe27e013d0) = 0
ioctl(6, DRM_IOCTL_VIA_ALLOCMEM, 0x7ffe27e013c0) = 0
ioctl(6, _IOC(_IOC_READ|_IOC_WRITE, 0x64, 0x48, 0x28), 0x7ffe27e013d0) = 0
ioctl(6, DRM_IOCTL_VIA_ALLOCMEM, 0x7ffe27e013d0) = 0
ioctl(6, _IOC(_IOC_READ|_IOC_WRITE, 0x64, 0x48, 0x28), 0x7ffe27e013e0) = 0
ioctl(6, DRM_IOCTL_VIA_ALLOCMEM, 0x7ffe27e013d0) = 0
ioctl(6, _IOC(_IOC_READ|_IOC_WRITE, 0x64, 0x48, 0x28), 0x7ffe27e013e0) = 0
open("/etc/ld.so.cache", O_RDONLY|O_CLOEXEC) = 7
fstat(7, {st_mode=S_IFREG|0644, st_size=111041, ...}) = 0
mmap(NULL, 111041, PROT_READ, MAP_PRIVATE, 7, 0) = 0x7f72c48eb000
close(7)                                = 0
access("/etc/ld.so.nohwcap", F_OK)      = -1 ENOENT (No such file or directory)
open("/opt/amdgpu-pro/lib/x86_64-linux-gnu/libamdocl12cl64.so", O_RDONLY|O_CLOEXEC) = 7
read(7, "\177ELF\2\1\1\0\0\0\0\0\0\0\0\0\3\0>\0\1\0\0\0PiJ\0\0\0\0\0"..., 832) = 832
fstat(7, {st_mode=S_IFREG|0644, st_size=37874872, ...}) = 0
mmap(NULL, 40593040, PROT_READ|PROT_EXEC, MAP_PRIVATE|MAP_DENYWRITE, 7, 0) = 0x7f72bc7f2000
mprotect(0x7f72be8f4000, 2093056, PROT_NONE) = 0
mmap(0x7f72beaf3000, 3268608, PROT_READ|PROT_WRITE, MAP_PRIVATE|MAP_FIXED|MAP_DENYWRITE, 7, 0x2101000) = 0x7f72beaf3000
mmap(0x7f72bee11000, 620176, PROT_READ|PROT_WRITE, MAP_PRIVATE|MAP_FIXED|MAP_ANONYMOUS, -1, 0) = 0x7f72bee11000
close(7)                                = 0
access("/etc/ld.so.nohwcap", F_OK)      = -1 ENOENT (No such file or directory)
open("/lib/x86_64-linux-gnu/libgcc_s.so.1", O_RDONLY|O_CLOEXEC) = 7
read(7, "\177ELF\2\1\1\0\0\0\0\0\0\0\0\0\3\0>\0\1\0\0\0p*\0\0\0\0\0\0"..., 832) = 832
fstat(7, {st_mode=S_IFREG|0644, st_size=89696, ...}) = 0
mmap(NULL, 2185488, PROT_READ|PROT_EXEC, MAP_PRIVATE|MAP_DENYWRITE, 7, 0) = 0x7f72bc5dc000
mprotect(0x7f72bc5f2000, 2093056, PROT_NONE) = 0
mmap(0x7f72bc7f1000, 4096, PROT_READ|PROT_WRITE, MAP_PRIVATE|MAP_FIXED|MAP_DENYWRITE, 7, 0x15000) = 0x7f72bc7f1000
close(7)                                = 0
open("/sys/devices/system/cpu", O_RDONLY|O_NONBLOCK|O_DIRECTORY|O_CLOEXEC) = 7
fstat(7, {st_mode=S_IFDIR|0755, st_size=0, ...}) = 0
getdents(7, /* 19 entries */, 32768)    = 560
getdents(7, /* 0 entries */, 32768)     = 0
close(7)                                = 0
open("/proc/self/maps", O_RDONLY|O_CLOEXEC) = 7
getrlimit(RLIMIT_STACK, {rlim_cur=8192*1024, rlim_max=RLIM64_INFINITY}) = 0
fstat(7, {st_mode=S_IFREG|0444, st_size=0, ...}) = 0
read(7, "00400000-00403000 r-xp 00000000 "..., 1024) = 1024
read(7, "                   /opt/amdgpu-p"..., 1024) = 1024
read(7, "                /opt/amdgpu-pro/"..., 1024) = 1024
read(7, "c1000 r-xp 00000000 08:01 118179"..., 1024) = 1024
read(7, "3.so\n7f72c3ed2000-7f72c40d1000 -"..., 1024) = 1024
read(7, "01 1181780                    /l"..., 1024) = 1024
read(7, "6 322                       /dev"..., 1024) = 1024
read(7, "72c4ad3000 rw-p 00000000 00:00 0"..., 1024) = 359
close(7)                                = 0
sched_getaffinity(5387, 32, [f, 0, 0, 0, 0, 201, 7f72c469eb78, 7f72c469eb78, 0, 0, 0, 0, 0, 242b080, 42ffffffff, 7fffffff, 6573657270080000, 255b2b0, ffffffffffffffff, 0, 255b2c0, 0, 0, 0, ffffffff, 0, 0, 7f72c469d6e0, ffffffff00000000, 0, 0, 0]) = 32
munmap(0x7f72c48eb000, 111041)          = 0
open("/etc/ld.so.cache", O_RDONLY|O_CLOEXEC) = 7
fstat(7, {st_mode=S_IFREG|0644, st_size=111041, ...}) = 0
mmap(NULL, 111041, PROT_READ, MAP_PRIVATE, 7, 0) = 0x7f72c48eb000
close(7)                                = 0
access("/etc/ld.so.nohwcap", F_OK)      = -1 ENOENT (No such file or directory)
open("/lib/x86_64-linux-gnu/amdoclsc64", O_RDONLY|O_CLOEXEC) = -1 ENOENT (No such file or directory)
open("/usr/lib/x86_64-linux-gnu/amdoclsc64", O_RDONLY|O_CLOEXEC) = -1 ENOENT (No such file or directory)
open("/lib/amdoclsc64", O_RDONLY|O_CLOEXEC) = -1 ENOENT (No such file or directory)
open("/usr/lib/amdoclsc64", O_RDONLY|O_CLOEXEC) = -1 ENOENT (No such file or directory)
munmap(0x7f72c48eb000, 111041)          = 0
open("/etc/ld.so.cache", O_RDONLY|O_CLOEXEC) = 7
fstat(7, {st_mode=S_IFREG|0644, st_size=111041, ...}) = 0
mmap(NULL, 111041, PROT_READ, MAP_PRIVATE, 7, 0) = 0x7f72c48eb000
close(7)                                = 0
access("/etc/ld.so.nohwcap", F_OK)      = -1 ENOENT (No such file or directory)
open("/lib/x86_64-linux-gnu/libamdoclsc64.so", O_RDONLY|O_CLOEXEC) = -1 ENOENT (No such file or directory)
open("/usr/lib/x86_64-linux-gnu/libamdoclsc64.so", O_RDONLY|O_CLOEXEC) = -1 ENOENT (No such file or directory)
open("/lib/libamdoclsc64.so", O_RDONLY|O_CLOEXEC) = -1 ENOENT (No such file or directory)
open("/usr/lib/libamdoclsc64.so", O_RDONLY|O_CLOEXEC) = -1 ENOENT (No such file or directory)
munmap(0x7f72c48eb000, 111041)          = 0
open("./amdoclsc64", O_RDONLY|O_CLOEXEC) = -1 ENOENT (No such file or directory)
open("./libamdoclsc64.so", O_RDONLY|O_CLOEXEC) = -1 ENOENT (No such file or directory)
brk(0x2589000)                          = 0x2589000
brk(0x25ad000)                          = 0x25ad000
rt_sigaction(SIGFPE, {0x7f72bfbaa1f0, ~[RTMIN RT_1], SA_RESTORER|SA_RESTART|SA_SIGINFO, 0x7f72c43104b0}, {SIG_DFL, [], 0}, 8) = 0
open("/etc/ld.so.cache", O_RDONLY|O_CLOEXEC) = 7
fstat(7, {st_mode=S_IFREG|0644, st_size=111041, ...}) = 0
mmap(NULL, 111041, PROT_READ, MAP_PRIVATE, 7, 0) = 0x7f72c48eb000
close(7)                                = 0
access("/etc/ld.so.nohwcap", F_OK)      = -1 ENOENT (No such file or directory)
open("/lib/x86_64-linux-gnu/amdoclsc64", O_RDONLY|O_CLOEXEC) = -1 ENOENT (No such file or directory)
open("/usr/lib/x86_64-linux-gnu/amdoclsc64", O_RDONLY|O_CLOEXEC) = -1 ENOENT (No such file or directory)
open("/lib/amdoclsc64", O_RDONLY|O_CLOEXEC) = -1 ENOENT (No such file or directory)
open("/usr/lib/amdoclsc64", O_RDONLY|O_CLOEXEC) = -1 ENOENT (No such file or directory)
munmap(0x7f72c48eb000, 111041)          = 0
open("/etc/ld.so.cache", O_RDONLY|O_CLOEXEC) = 7
fstat(7, {st_mode=S_IFREG|0644, st_size=111041, ...}) = 0
mmap(NULL, 111041, PROT_READ, MAP_PRIVATE, 7, 0) = 0x7f72c48eb000
close(7)                                = 0
access("/etc/ld.so.nohwcap", F_OK)      = -1 ENOENT (No such file or directory)
open("/lib/x86_64-linux-gnu/libamdoclsc64.so", O_RDONLY|O_CLOEXEC) = -1 ENOENT (No such file or directory)
open("/usr/lib/x86_64-linux-gnu/libamdoclsc64.so", O_RDONLY|O_CLOEXEC) = -1 ENOENT (No such file or directory)
open("/lib/libamdoclsc64.so", O_RDONLY|O_CLOEXEC) = -1 ENOENT (No such file or directory)
open("/usr/lib/libamdoclsc64.so", O_RDONLY|O_CLOEXEC) = -1 ENOENT (No such file or directory)
munmap(0x7f72c48eb000, 111041)          = 0
open("./amdoclsc64", O_RDONLY|O_CLOEXEC) = -1 ENOENT (No such file or directory)
open("./libamdoclsc64.so", O_RDONLY|O_CLOEXEC) = -1 ENOENT (No such file or directory)
sysinfo({uptime=17601, loads=[5664, 6880, 5664], totalram=8310583296, freeram=5847076864, sharedram=59609088, bufferram=43884544, totalswap=16381898752, freeswap=16374800384, procs=537, totalhigh=0, freehigh=0, mem_unit=1}) = 0
clock_getres(CLOCK_MONOTONIC, {0, 1})   = 0
open("/proc/cpuinfo", O_RDONLY)         = 7
fstat(7, {st_mode=S_IFREG|0444, st_size=0, ...}) = 0
read(7, "processor\t: 0\nvendor_id\t: Genuin"..., 4096) = 3099
read(7, "processor\t: 3\nvendor_id\t: Genuin"..., 1024) = 1024
lseek(7, -3933, SEEK_CUR)               = 190
close(7)                                = 0
close(4)                                = 0
getdents(3, /* 0 entries */, 32768)     = 0
close(3)                                = 0
futex(0x7f72c48aa3d8, FUTEX_WAKE_PRIVATE, 2147483647) = 0
fstat(1, {st_mode=S_IFCHR|0620, st_rdev=makedev(136, 23), ...}) = 0
write(1, "[Platform Infomation]\n", 22[Platform Infomation]
) = 22
write(1, "platform name: AMD Accelerated P"..., 51platform name: AMD Accelerated Parallel Processing
) = 51
write(1, "\n", 1
)                       = 1
write(1, "[Device Infomation]\n", 20[Device Infomation]
)   = 20
write(1, "device name: Baffin\n", 20device name: Baffin
)   = 20
write(1, "Preferred vector width char: 4\n", 31Preferred vector width char: 4
) = 31
write(1, "Preferred vector width short: 2\n", 32Preferred vector width short: 2
) = 32
write(1, "Preferred vector width int: 1\n", 30Preferred vector width int: 1
) = 30
write(1, "Preferred vector width long: 1\n", 31Preferred vector width long: 1
) = 31
write(1, "Preferred vector width float: 1\n", 32Preferred vector width float: 1
) = 32
write(1, "Preferred vector width double: 1"..., 33Preferred vector width double: 1
) = 33
write(1, "Hello xbdong before\n", 20Hello xbdong before
)   = 20
write(1, "Timer resolution: 1\n", 20Timer resolution: 1
)   = 20
write(1, "Hello xbdong after\n", 19Hello xbdong after
)    = 19
write(1, "\n", 1
)                       = 1
mmap(NULL, 266240, PROT_READ|PROT_WRITE, MAP_PRIVATE|MAP_ANONYMOUS|MAP_STACK, -1, 0) = 0x7f72bc59b000
mprotect(0x7f72bc59b000, 4096, PROT_NONE) = 0
clone(child_stack=0x7f72bc5daff0, flags=CLONE_VM|CLONE_FS|CLONE_FILES|CLONE_SIGHAND|CLONE_THREAD|CLONE_SYSVSEM|CLONE_SETTLS|CLONE_PARENT_SETTID|CLONE_CHILD_CLEARTID, parent_tidptr=0x7f72bc5db9d0, tls=0x7f72bc5db700, child_tidptr=0x7f72bc5db9d0) = 5388
futex(0x2580398, FUTEX_WAIT_BITSET_PRIVATE|FUTEX_CLOCK_REALTIME, 0, NULL, ffffffff) = -1 EAGAIN (Resource temporarily unavailable)
futex(0x2595cf8, FUTEX_WAKE_PRIVATE, 1) = 1
sched_yield()                           = 0
sched_yield()                           = 0
sched_yield()                           = 0
sched_yield()                           = 0
sched_yield()                           = 0
futex(0x242cb98, FUTEX_WAIT_BITSET_PRIVATE|FUTEX_CLOCK_REALTIME, 0, NULL, ffffffff) = 0
open("program.cl", O_RDONLY)            = 3
fstat(3, {st_mode=S_IFREG|0664, st_size=157, ...}) = 0
fstat(3, {st_mode=S_IFREG|0664, st_size=157, ...}) = 0
lseek(3, 0, SEEK_SET)                   = 0
read(3, "#define INSIZE\t8388608 /* 8MB */"..., 157) = 157
lseek(3, 157, SEEK_SET)                 = 157
close(3)                                = 0
statfs(".", {f_type="EXT2_SUPER_MAGIC", f_bsize=4096, f_blocks=49182801, f_bfree=40307369, f_bavail=37803267, f_files=12500992, f_ffree=12336632, f_fsid={602226391, -1910952239}, f_namelen=255, f_frsize=4096, f_flags=4128}) = 0
statfs(".", {f_type="EXT2_SUPER_MAGIC", f_bsize=4096, f_blocks=49182801, f_bfree=40307369, f_bavail=37803267, f_files=12500992, f_ffree=12336632, f_fsid={602226391, -1910952239}, f_namelen=255, f_frsize=4096, f_flags=4128}) = 0
stat("/tmp/OCL5387T3.cl", 0x7ffe27e00930) = -1 ENOENT (No such file or directory)
brk(0x25e7000)                          = 0x25e7000
stat("/usr/local/include", {st_mode=S_IFDIR|0755, st_size=4096, ...}) = 0
stat("include", 0x7ffe27e00160)         = -1 ENOENT (No such file or directory)
stat(".", {st_mode=S_IFDIR|0775, st_size=4096, ...}) = 0
stat("include", 0x7ffe27e00120)         = -1 ENOENT (No such file or directory)
stat("/usr/include", {st_mode=S_IFDIR|0755, st_size=20480, ...}) = 0
stat("ocl-builtins.pch", 0x7ffe27e005e0) = -1 ENOENT (No such file or directory)
brk(0x2608000)                          = 0x2608000
brk(0x2642000)                          = 0x2642000
brk(0x267d000)                          = 0x267d000
brk(0x269e000)                          = 0x269e000
brk(0x26e1000)                          = 0x26e1000
unlink("/tmp/OCL5387T3.cl")             = -1 ENOENT (No such file or directory)
statfs(".", {f_type="EXT2_SUPER_MAGIC", f_bsize=4096, f_blocks=49182801, f_bfree=40307369, f_bavail=37803267, f_files=12500992, f_ffree=12336632, f_fsid={602226391, -1910952239}, f_namelen=255, f_frsize=4096, f_flags=4128}) = 0
brk(0x2702000)                          = 0x2702000
brk(0x2728000)                          = 0x2728000
brk(0x2763000)                          = 0x2763000
brk(0x2784000)                          = 0x2784000
brk(0x27e4000)                          = 0x27e4000
brk(0x2808000)                          = 0x2808000
brk(0x2829000)                          = 0x2829000
brk(0x2851000)                          = 0x2851000
brk(0x2872000)                          = 0x2872000
brk(0x28b9000)                          = 0x28b9000
brk(0x28e9000)                          = 0x28e9000
lseek(2, 0, SEEK_CUR)                   = -1 ESPIPE (Illegal seek)
lseek(2, 0, SEEK_CUR)                   = -1 ESPIPE (Illegal seek)
lseek(2, 0, SEEK_CUR)                   = -1 ESPIPE (Illegal seek)
lseek(2, 0, SEEK_CUR)                   = -1 ESPIPE (Illegal seek)
lseek(2, 0, SEEK_CUR)                   = -1 ESPIPE (Illegal seek)
lseek(2, 0, SEEK_CUR)                   = -1 ESPIPE (Illegal seek)
lseek(2, 0, SEEK_CUR)                   = -1 ESPIPE (Illegal seek)
brk(0x2962000)                          = 0x2962000
statfs(".", {f_type="EXT2_SUPER_MAGIC", f_bsize=4096, f_blocks=49182801, f_bfree=40307369, f_bavail=37803267, f_files=12500992, f_ffree=12336632, f_fsid={602226391, -1910952239}, f_namelen=255, f_frsize=4096, f_flags=4128}) = 0
open("/dev/random", O_WRONLY)           = 3
write(3, "\360", 1)                     = 1
close(3)                                = 0
ioctl(6, DRM_IOCTL_VIA_ALLOCMEM, 0x7ffe27e00b80) = 0
ioctl(6, _IOC(_IOC_READ|_IOC_WRITE, 0x64, 0x48, 0x28), 0x7ffe27e00b90) = 0
ioctl(6, DRM_IOCTL_VIA_ALLOCMEM, 0x7ffe27e00c60) = 0
ioctl(6, _IOC(_IOC_READ|_IOC_WRITE, 0x64, 0x48, 0x28), 0x7ffe27e00c70) = 0
ioctl(6, DRM_IOCTL_TEGRA_GEM_MMAP, 0x7ffe27e012c0) = 0
mmap(NULL, 65536, PROT_READ|PROT_WRITE, MAP_SHARED, 6, 0x147426000) = 0x7f72bc05b000
munmap(0x7f72bc05b000, 65536)           = 0
ioctl(6, _IOC(_IOC_READ|_IOC_WRITE, 0x64, 0x43, 0x18), 0x7ffe27e00ab0) = 0
ioctl(6, _IOC(_IOC_READ|_IOC_WRITE, 0x64, 0x44, 0x18), 0x7ffe27e00a90) = 0
ioctl(6, _IOC(_IOC_READ|_IOC_WRITE, 0x64, 0x43, 0x18), 0x7ffe27e00ae0) = 0
ioctl(6, _IOC(_IOC_READ|_IOC_WRITE, 0x64, 0x49, 0x20), 0x7ffe27e00cc0) = 0
ioctl(6, _IOC(_IOC_READ|_IOC_WRITE, 0x64, 0x49, 0x20), 0x7ffe27e013d0) = 0
ioctl(6, _IOC(_IOC_READ|_IOC_WRITE, 0x64, 0x48, 0x28), 0x7ffe27e011c0) = 0
ioctl(6, DRM_IOCTL_GEM_CLOSE, 0x7ffe27e011e0) = 0
mmap(NULL, 33558528, PROT_READ|PROT_WRITE, MAP_PRIVATE|MAP_ANONYMOUS, -1, 0) = 0x7f72b5dff000
mmap(NULL, 33558528, PROT_READ|PROT_WRITE, MAP_PRIVATE|MAP_ANONYMOUS, -1, 0) = 0x7f72b3dfe000
mmap(NULL, 33562624, PROT_READ|PROT_WRITE, MAP_PRIVATE|MAP_ANONYMOUS, -1, 0) = 0x7f72b1dfc000
futex(0x2595cf8, FUTEX_WAKE_PRIVATE, 1) = 1
sched_yield()                           = 0
sched_yield()                           = 0
sched_yield()                           = 0
sched_yield()                           = 0
sched_yield()                           = 0
futex(0x242cb98, FUTEX_WAIT_BITSET_PRIVATE|FUTEX_CLOCK_REALTIME, 0, NULL, ffffffff) = 0
ioctl(6, DRM_IOCTL_VIA_ALLOCMEM, 0x7ffe27e01490) = 0
ioctl(6, _IOC(_IOC_READ|_IOC_WRITE, 0x64, 0x48, 0x28), 0x7ffe27e014a0) = 0
ioctl(6, DRM_IOCTL_VIA_ALLOCMEM, 0x7ffe27e01490) = 0
ioctl(6, _IOC(_IOC_READ|_IOC_WRITE, 0x64, 0x48, 0x28), 0x7ffe27e014a0) = 0
ioctl(6, _IOC(_IOC_READ|_IOC_WRITE, 0x64, 0x51, 0x18), 0x7ffe27e01380) = 0
ioctl(6, _IOC(_IOC_READ|_IOC_WRITE, 0x64, 0x48, 0x28), 0x7ffe27e01380) = 0
ioctl(6, _IOC(_IOC_READ|_IOC_WRITE, 0x64, 0x43, 0x18), 0x7ffe27e00ff0) = 0
ioctl(6, _IOC(_IOC_READ|_IOC_WRITE, 0x64, 0x44, 0x18), 0x7ffe27e00fd0) = 0
ioctl(6, _IOC(_IOC_READ|_IOC_WRITE, 0x64, 0x43, 0x18), 0x7ffe27e01020) = 0
ioctl(6, DRM_IOCTL_VIA_ALLOCMEM, 0x7ffe27e00d30) = 0
ioctl(6, _IOC(_IOC_READ|_IOC_WRITE, 0x64, 0x48, 0x28), 0x7ffe27e00d40) = 0
ioctl(6, DRM_IOCTL_TEGRA_GEM_MMAP, 0x7ffe27e00e50) = 0
mmap(NULL, 65536, PROT_READ|PROT_WRITE, MAP_SHARED, 6, 0x14cb36000) = 0x7f72bc05b000
ioctl(6, _IOC(_IOC_READ|_IOC_WRITE, 0x64, 0x43, 0x18), 0x7ffe27e00ff0) = 0
ioctl(6, _IOC(_IOC_READ|_IOC_WRITE, 0x64, 0x44, 0x18), 0x7ffe27e00fd0) = 0
ioctl(6, _IOC(_IOC_READ|_IOC_WRITE, 0x64, 0x43, 0x18), 0x7ffe27e01020) = 0
ioctl(6, DRM_IOCTL_VIA_ALLOCMEM, 0x7ffe27e00d30) = 0
ioctl(6, _IOC(_IOC_READ|_IOC_WRITE, 0x64, 0x48, 0x28), 0x7ffe27e00d40) = 0
ioctl(6, DRM_IOCTL_TEGRA_GEM_MMAP, 0x7ffe27e00e50) = 0
mmap(NULL, 65536, PROT_READ|PROT_WRITE, MAP_SHARED, 6, 0x14cb46000) = 0x7f72bc04b000
ioctl(6, _IOC(_IOC_READ|_IOC_WRITE, 0x64, 0x43, 0x18), 0x7ffe27e01350) = 0
ioctl(6, _IOC(_IOC_READ|_IOC_WRITE, 0x64, 0x44, 0x18), 0x7ffe27e01330) = 0
ioctl(6, _IOC(_IOC_READ|_IOC_WRITE, 0x64, 0x43, 0x18), 0x7ffe27e01380) = 0
ioctl(6, _IOC(_IOC_READ|_IOC_WRITE, 0x64, 0x49, 0x20), 0x7ffe27e01560) = 0
ioctl(6, _IOC(_IOC_READ|_IOC_WRITE, 0x64, 0x49, 0x20), 0x7ffe27e01c70) = 0
ioctl(6, _IOC(_IOC_READ|_IOC_WRITE, 0x64, 0x51, 0x18), 0x7ffe27e01380) = 0
ioctl(6, _IOC(_IOC_READ|_IOC_WRITE, 0x64, 0x48, 0x28), 0x7ffe27e01380) = 0
ioctl(6, _IOC(_IOC_READ|_IOC_WRITE, 0x64, 0x43, 0x18), 0x7ffe27e01350) = 0
ioctl(6, _IOC(_IOC_READ|_IOC_WRITE, 0x64, 0x44, 0x18), 0x7ffe27e01330) = 0
ioctl(6, _IOC(_IOC_READ|_IOC_WRITE, 0x64, 0x43, 0x18), 0x7ffe27e01380) = 0
ioctl(6, _IOC(_IOC_READ|_IOC_WRITE, 0x64, 0x49, 0x20), 0x7ffe27e01560) = 0
ioctl(6, DRM_IOCTL_VIA_ALLOCMEM, 0x7ffe27e01090) = 0
ioctl(6, _IOC(_IOC_READ|_IOC_WRITE, 0x64, 0x48, 0x28), 0x7ffe27e010a0) = 0
ioctl(6, DRM_IOCTL_TEGRA_GEM_MMAP, 0x7ffe27e011b0) = 0
mmap(NULL, 65536, PROT_READ|PROT_WRITE, MAP_SHARED, 6, 0x14db56000) = 0x7f72bc03b000
ioctl(6, _IOC(_IOC_READ|_IOC_WRITE, 0x64, 0x49, 0x20), 0x7ffe27e01c70) = 0
ioctl(6, _IOC(_IOC_READ|_IOC_WRITE, 0x64, 0x49, 0x20), 0x7ffe27e01d80) = 0
ioctl(6, _IOC(_IOC_READ|_IOC_WRITE, 0x64, 0x49, 0x20), 0x7ffe27e01d80) = 0
ioctl(6, _IOC(_IOC_READ|_IOC_WRITE, 0x64, 0x49, 0x20), 0x7ffe27e01d80) = 0
ioctl(6, _IOC(_IOC_READ|_IOC_WRITE, 0x64, 0x49, 0x20), 0x7ffe27e01bc0) = 0
ioctl(6, _IOC(_IOC_READ|_IOC_WRITE, 0x64, 0x49, 0x20), 0x7ffe27e01b40) = 0
ioctl(6, _IOC(_IOC_READ|_IOC_WRITE, 0x64, 0x48, 0x28), 0x7ffe27e01940) = 0
ioctl(6, DRM_IOCTL_GEM_CLOSE, 0x7ffe27e01960) = 0
ioctl(6, _IOC(_IOC_READ|_IOC_WRITE, 0x64, 0x49, 0x20), 0x7ffe27e01bc0) = 0
ioctl(6, _IOC(_IOC_READ|_IOC_WRITE, 0x64, 0x49, 0x20), 0x7ffe27e01b40) = 0
ioctl(6, _IOC(_IOC_READ|_IOC_WRITE, 0x64, 0x48, 0x28), 0x7ffe27e01940) = 0
ioctl(6, DRM_IOCTL_GEM_CLOSE, 0x7ffe27e01960) = 0
munmap(0x7f72b1dfc000, 33562624)        = 0
futex(0x2595cf8, FUTEX_WAKE_PRIVATE, 1) = 1
futex(0x2595cf8, FUTEX_WAKE_PRIVATE, 1) = 1
futex(0x2595cf8, FUTEX_WAKE_PRIVATE, 1) = 1
sched_yield()                           = 0
sched_yield()                           = 0
sched_yield()                           = 0
sched_yield()                           = 0
sched_yield()                           = 0
futex(0x242cb98, FUTEX_WAIT_BITSET_PRIVATE|FUTEX_CLOCK_REALTIME, 0, NULL, ffffffff) = 0
write(1, "Test: time is, 16180.991000 us\n", 31Test: time is, 16180.991000 us
) = 31
mmap(NULL, 33558528, PROT_READ|PROT_WRITE, MAP_PRIVATE|MAP_ANONYMOUS, -1, 0) = 0x7f72b1dfd000
futex(0x2595cf8, FUTEX_WAKE_PRIVATE, 1) = 1
sched_yield()                           = 0
sched_yield()                           = 0
sched_yield()                           = 0
sched_yield()                           = 0
sched_yield()                           = 0
futex(0x242cb98, FUTEX_WAIT_BITSET_PRIVATE|FUTEX_CLOCK_REALTIME, 0, NULL, ffffffff) = 0
write(1, "[Result]\n", 9[Result]
)               = 9
write(1, "prof start:65280  prof_end:0\n", 29prof start:65280  prof_end:0
) = 29
write(1, "prof time is:18446744073709486\n", 31prof time is:18446744073709486
) = 31
ioctl(6, _IOC(_IOC_READ|_IOC_WRITE, 0x64, 0x48, 0x28), 0x7ffe27e01b50) = 0
ioctl(6, DRM_IOCTL_GEM_CLOSE, 0x7ffe27e01b70) = 0
futex(0x2595cf8, FUTEX_WAKE_PRIVATE, 1) = 1
futex(0x2595cf8, FUTEX_WAKE_PRIVATE, 1) = 1
sched_yield()                           = 0
sched_yield()                           = 0
sched_yield()                           = 0
sched_yield()                           = 0
sched_yield()                           = 0
sched_yield()                           = 0
sched_yield()                           = 0
sched_yield()                           = 0
sched_yield()                           = 0
sched_yield()                           = 0
sched_yield()                           = 0
sched_yield()                           = 0
sched_yield()                           = 0
sched_yield()                           = 0
sched_yield()                           = 0
sched_yield()                           = 0
sched_yield()                           = 0
sched_yield()                           = 0
sched_yield()                           = 0
sched_yield()                           = 0
sched_yield()                           = 0
sched_yield()                           = 0
sched_yield()                           = 0
sched_yield()                           = 0
sched_yield()                           = 0
sched_yield()                           = 0
sched_yield()                           = 0
sched_yield()                           = 0
sched_yield()                           = 0
sched_yield()                           = 0
exit_group(0)                           = ?
+++ exited with 0 +++
xbdong@xbdong-opencl:~/Project/github/OpenCL/opencl_programming/No.8_1_OpenCLTimeCount_ubuntu$ 

